<?xml version="1.0" encoding="UTF-8"?>
<!-- Generated by org.testng.reporters.JUnitReportReporter -->
<testsuite hostname="sara" failures="0" tests="1" name="extentReport.testRunner.TestRunner" time="11.341" errors="0" timestamp="2022-05-10T23:12:46 EDT" skipped="0">
  <testcase classname="extentReport.testRunner.TestRunner" name="runScenario" time="11.341"/>
  <system-out/>
</testsuite> <!-- extentReport.testRunner.TestRunner -->
