<?xml version="1.0" encoding="UTF-8"?>
<!-- Generated by org.testng.reporters.JUnitReportReporter -->
<testsuite hostname="sara" failures="0" tests="3" name="extentReport.testRunner.TestRunner" time="14.189" errors="0" timestamp="2022-05-09T22:12:59 EDT" skipped="0">
  <testcase classname="extentReport.testRunner.TestRunner" name="runScenario" time="2.192"/>
  <system-out/>
  <testcase classname="extentReport.testRunner.TestRunner" name="runScenario" time="5.271"/>
  <system-out/>
  <testcase classname="extentReport.testRunner.TestRunner" name="runScenario" time="6.726"/>
  <system-out/>
</testsuite> <!-- extentReport.testRunner.TestRunner -->
